  [1m[35m (0.0ms)[0m  [1m[34mSELECT sqlite_version(*)[0m
  [1m[35m (40.0ms)[0m  [1m[35mCREATE TABLE "schema_migrations" ("version" varchar NOT NULL PRIMARY KEY)[0m
  [1m[35m (40.0ms)[0m  [1m[35mCREATE TABLE "ar_internal_metadata" ("key" varchar NOT NULL PRIMARY KEY, "value" varchar, "created_at" datetime NOT NULL, "updated_at" datetime NOT NULL)[0m
  [1m[35m (0.0ms)[0m  [1m[34mSELECT "schema_migrations"."version" FROM "schema_migrations" ORDER BY "schema_migrations"."version" ASC[0m
Migrating to CreateBlogs (20170925114532)
  [1m[35m (0.0ms)[0m  [1m[36mbegin transaction[0m
  [1m[35m (0.0ms)[0m  [1m[35mCREATE TABLE "blogs" ("id" INTEGER PRIMARY KEY AUTOINCREMENT NOT NULL, "title" varchar, "memo" text, "author" varchar, "picture" varchar, "created_at" datetime NOT NULL, "updated_at" datetime NOT NULL)[0m
  [1m[35mSQL (0.0ms)[0m  [1m[32mINSERT INTO "schema_migrations" ("version") VALUES (?)[0m  [["version", "20170925114532"]]
  [1m[35m (26.7ms)[0m  [1m[36mcommit transaction[0m
  [1m[36mActiveRecord::InternalMetadata Load (0.0ms)[0m  [1m[34mSELECT  "ar_internal_metadata".* FROM "ar_internal_metadata" WHERE "ar_internal_metadata"."key" = ? LIMIT ?[0m  [["key", "environment"], ["LIMIT", 1]]
  [1m[35m (0.0ms)[0m  [1m[36mbegin transaction[0m
  [1m[35mSQL (0.0ms)[0m  [1m[32mINSERT INTO "ar_internal_metadata" ("key", "value", "created_at", "updated_at") VALUES (?, ?, ?, ?)[0m  [["key", "environment"], ["value", "development"], ["created_at", "2017-09-25 11:47:27.773279"], ["updated_at", "2017-09-25 11:47:27.773279"]]
  [1m[35m (26.7ms)[0m  [1m[36mcommit transaction[0m
  [1m[35m (0.0ms)[0m  [1m[34mSELECT "schema_migrations"."version" FROM "schema_migrations" ORDER BY "schema_migrations"."version" ASC[0m
Started GET "/" for 127.0.0.1 at 2017-09-25 20:51:18 +0900
  [1m[35m (0.0ms)[0m  [1m[34mSELECT "schema_migrations"."version" FROM "schema_migrations" ORDER BY "schema_migrations"."version" ASC[0m
  
ActionController::RoutingError (uninitialized constant BlogController):
  
activesupport (5.1.4) lib/active_support/inflector/methods.rb:269:in `const_get'
activesupport (5.1.4) lib/active_support/inflector/methods.rb:269:in `block in constantize'
activesupport (5.1.4) lib/active_support/inflector/methods.rb:267:in `each'
activesupport (5.1.4) lib/active_support/inflector/methods.rb:267:in `inject'
activesupport (5.1.4) lib/active_support/inflector/methods.rb:267:in `constantize'
actionpack (5.1.4) lib/action_dispatch/http/request.rb:85:in `controller_class_for'
actionpack (5.1.4) lib/action_dispatch/http/request.rb:78:in `controller_class'
actionpack (5.1.4) lib/action_dispatch/routing/route_set.rb:43:in `controller'
actionpack (5.1.4) lib/action_dispatch/routing/route_set.rb:29:in `serve'
actionpack (5.1.4) lib/action_dispatch/journey/router.rb:50:in `block in serve'
actionpack (5.1.4) lib/action_dispatch/journey/router.rb:33:in `each'
actionpack (5.1.4) lib/action_dispatch/journey/router.rb:33:in `serve'
actionpack (5.1.4) lib/action_dispatch/routing/route_set.rb:834:in `call'
rack (2.0.3) lib/rack/etag.rb:25:in `call'
rack (2.0.3) lib/rack/conditional_get.rb:25:in `call'
rack (2.0.3) lib/rack/head.rb:12:in `call'
rack (2.0.3) lib/rack/session/abstract/id.rb:232:in `context'
rack (2.0.3) lib/rack/session/abstract/id.rb:226:in `call'
actionpack (5.1.4) lib/action_dispatch/middleware/cookies.rb:613:in `call'
activerecord (5.1.4) lib/active_record/migration.rb:556:in `call'
actionpack (5.1.4) lib/action_dispatch/middleware/callbacks.rb:26:in `block in call'
activesupport (5.1.4) lib/active_support/callbacks.rb:97:in `run_callbacks'
actionpack (5.1.4) lib/action_dispatch/middleware/callbacks.rb:24:in `call'
actionpack (5.1.4) lib/action_dispatch/middleware/executor.rb:12:in `call'
actionpack (5.1.4) lib/action_dispatch/middleware/debug_exceptions.rb:59:in `call'
web-console (3.5.1) lib/web_console/middleware.rb:135:in `call_app'
web-console (3.5.1) lib/web_console/middleware.rb:28:in `block in call'
web-console (3.5.1) lib/web_console/middleware.rb:18:in `catch'
web-console (3.5.1) lib/web_console/middleware.rb:18:in `call'
actionpack (5.1.4) lib/action_dispatch/middleware/show_exceptions.rb:31:in `call'
railties (5.1.4) lib/rails/rack/logger.rb:36:in `call_app'
railties (5.1.4) lib/rails/rack/logger.rb:24:in `block in call'
activesupport (5.1.4) lib/active_support/tagged_logging.rb:69:in `block in tagged'
activesupport (5.1.4) lib/active_support/tagged_logging.rb:26:in `tagged'
activesupport (5.1.4) lib/active_support/tagged_logging.rb:69:in `tagged'
railties (5.1.4) lib/rails/rack/logger.rb:24:in `call'
sprockets-rails (3.2.1) lib/sprockets/rails/quiet_assets.rb:13:in `call'
actionpack (5.1.4) lib/action_dispatch/middleware/remote_ip.rb:79:in `call'
actionpack (5.1.4) lib/action_dispatch/middleware/request_id.rb:25:in `call'
rack (2.0.3) lib/rack/method_override.rb:22:in `call'
rack (2.0.3) lib/rack/runtime.rb:22:in `call'
activesupport (5.1.4) lib/active_support/cache/strategy/local_cache_middleware.rb:27:in `call'
actionpack (5.1.4) lib/action_dispatch/middleware/executor.rb:12:in `call'
actionpack (5.1.4) lib/action_dispatch/middleware/static.rb:125:in `call'
rack (2.0.3) lib/rack/sendfile.rb:111:in `call'
railties (5.1.4) lib/rails/engine.rb:522:in `call'
puma (3.10.0) lib/puma/configuration.rb:225:in `call'
puma (3.10.0) lib/puma/server.rb:605:in `handle_request'
puma (3.10.0) lib/puma/server.rb:437:in `process_client'
puma (3.10.0) lib/puma/server.rb:301:in `block in run'
puma (3.10.0) lib/puma/thread_pool.rb:120:in `block in spawn_thread'
Started GET "/" for 127.0.0.1 at 2017-09-25 20:52:08 +0900
Processing by BlogsController#index as HTML
  Rendering blogs/index.html.erb within layouts/application
  [1m[36mBlog Load (13.3ms)[0m  [1m[34mSELECT "blogs".* FROM "blogs"[0m
  Rendered blogs/index.html.erb within layouts/application (40.0ms)
Completed 200 OK in 14353ms (Views: 14075.2ms | ActiveRecord: 13.3ms)


Started GET "/" for 127.0.0.1 at 2017-09-25 20:55:33 +0900
Processing by BlogsController#index as HTML
  Rendering blogs/index.html.erb within layouts/application
  [1m[36mBlog Load (0.0ms)[0m  [1m[34mSELECT "blogs".* FROM "blogs"[0m
  Rendered blogs/index.html.erb within layouts/application (13.3ms)
Completed 200 OK in 37217ms (Views: 37086.4ms | ActiveRecord: 0.0ms)


Started GET "/" for 127.0.0.1 at 2017-09-25 20:58:01 +0900
Processing by BlogsController#index as HTML
  Rendering blogs/index.html.erb within layouts/application
  [1m[36mBlog Load (0.0ms)[0m  [1m[34mSELECT "blogs".* FROM "blogs"[0m
  Rendered blogs/index.html.erb within layouts/application (13.2ms)
  Rendered layouts/_shim.html.erb (0.0ms)
  Rendered layouts/_header.html.erb (0.0ms)
  Rendered layouts/_footer.html.erb (0.0ms)
Completed 200 OK in 1177ms (Views: 1065.3ms | ActiveRecord: 0.0ms)


Started GET "/" for 127.0.0.1 at 2017-09-25 20:59:29 +0900
Processing by BlogsController#index as HTML
  Rendering blogs/index.html.erb within layouts/application
  [1m[36mBlog Load (0.0ms)[0m  [1m[34mSELECT "blogs".* FROM "blogs"[0m
  Rendered blogs/index.html.erb within layouts/application (13.3ms)
  Rendered layouts/_shim.html.erb (0.0ms)
  Rendered layouts/_header.html.erb (0.0ms)
  Rendered layouts/_footer.html.erb (0.0ms)
Completed 200 OK in 1165ms (Views: 1050.3ms | ActiveRecord: 0.0ms)


Started GET "/" for 127.0.0.1 at 2017-09-25 21:01:02 +0900
Processing by BlogsController#index as HTML
  Rendering blogs/index.html.erb within layouts/application
  [1m[36mBlog Load (13.1ms)[0m  [1m[34mSELECT "blogs".* FROM "blogs"[0m
  Rendered blogs/index.html.erb within layouts/application (13.1ms)
  Rendered layouts/_shim.html.erb (0.0ms)
  Rendered layouts/_header.html.erb (0.0ms)
  Rendered layouts/_footer.html.erb (0.0ms)
Completed 200 OK in 1128ms (Views: 1007.9ms | ActiveRecord: 13.1ms)


Started GET "/" for 127.0.0.1 at 2017-09-25 21:01:22 +0900
Processing by BlogsController#index as HTML
  Rendering blogs/index.html.erb within layouts/application
  [1m[36mBlog Load (1.0ms)[0m  [1m[34mSELECT "blogs".* FROM "blogs"[0m
  Rendered blogs/index.html.erb within layouts/application (8.0ms)
  Rendered layouts/_shim.html.erb (0.0ms)
  Rendered layouts/_header.html.erb (0.0ms)
  Rendered layouts/_footer.html.erb (13.3ms)
Completed 200 OK in 1281ms (Views: 1151.3ms | ActiveRecord: 1.0ms)


Started GET "/" for 127.0.0.1 at 2017-09-25 21:13:00 +0900
  [1m[35m (0.0ms)[0m  [1m[34mSELECT "schema_migrations"."version" FROM "schema_migrations" ORDER BY "schema_migrations"."version" ASC[0m
Processing by BlogsController#index as HTML
  Rendering blogs/index.html.erb within layouts/application
  [1m[36mBlog Load (0.0ms)[0m  [1m[34mSELECT "blogs".* FROM "blogs"[0m
  Rendered blogs/index.html.erb within layouts/application (39.8ms)
  Rendered layouts/_shim.html.erb (0.0ms)
  Rendered layouts/_header.html.erb (0.0ms)
  Rendered layouts/_footer.html.erb (0.0ms)
Completed 200 OK in 3352ms (Views: 3193.2ms | ActiveRecord: 0.0ms)


Started GET "/blogs/new" for 127.0.0.1 at 2017-09-25 21:13:50 +0900
Processing by BlogsController#new as HTML
  Rendering blogs/new.html.erb within layouts/application
  Rendered blogs/_form.html.erb (533.3ms)
  Rendered blogs/new.html.erb within layouts/application (626.6ms)
  Rendered layouts/_shim.html.erb (0.0ms)
  Rendered layouts/_header.html.erb (0.0ms)
  Rendered layouts/_footer.html.erb (0.0ms)
Completed 200 OK in 1957ms (Views: 1722.4ms | ActiveRecord: 13.3ms)


Started GET "/blogs/new" for 127.0.0.1 at 2017-09-25 21:13:53 +0900
Processing by BlogsController#new as HTML
  Rendering blogs/new.html.erb within layouts/application
  Rendered blogs/_form.html.erb (13.3ms)
  Rendered blogs/new.html.erb within layouts/application (133.3ms)
  Rendered layouts/_shim.html.erb (0.0ms)
  Rendered layouts/_header.html.erb (0.0ms)
  Rendered layouts/_footer.html.erb (0.0ms)
Completed 200 OK in 1311ms (Views: 1185.2ms | ActiveRecord: 0.0ms)


Started POST "/blogs" for 127.0.0.1 at 2017-09-25 21:15:55 +0900
Processing by BlogsController#create as HTML
  Parameters: {"utf8"=>"âœ“", "authenticity_token"=>"7we3CQsw2Urv7L37b9zFEwYK5YR1JV1EI88sA6DlnF1keVPbcRX0qzmMSMZ7emuFHmXQg0jFauoYvp2wLj/8cQ==", "blog"=>{"title"=>"ãƒ†ã‚¹ãƒˆæŠ•ç¨¿", "memo"=>"ã‚µãƒ³ãƒ—ãƒ«ã«éˆ´è¯ã•ã‚“ã®ã‚¢ã‚¤ã‚³ãƒ³", "author"=>"S.H.", "picture"=>#<ActionDispatch::Http::UploadedFile:0xa3cff68 @tempfile=#<Tempfile:C:/Users/shunh/AppData/Local/Temp/RackMultipart20170925-4600-1artex0.jpg>, @original_filename="ç¥ç€.jpg", @content_type="image/jpeg", @headers="Content-Disposition: form-data; name=\"blog[picture]\"; filename=\"C:\\Users\\shunh\\Desktop\\\xE7\x90\xA5\xE7\x8F\x80.jpg\"\r\nContent-Type: image/jpeg\r\n">}, "commit"=>"Create Blog"}
  [1m[35m (0.0ms)[0m  [1m[36mbegin transaction[0m
  [1m[35mSQL (0.0ms)[0m  [1m[32mINSERT INTO "blogs" ("title", "memo", "author", "picture", "created_at", "updated_at") VALUES (?, ?, ?, ?, ?, ?)[0m  [["title", "ãƒ†ã‚¹ãƒˆæŠ•ç¨¿"], ["memo", "ã‚µãƒ³ãƒ—ãƒ«ã«éˆ´è¯ã•ã‚“ã®ã‚¢ã‚¤ã‚³ãƒ³"], ["author", "S.H."], ["picture", "ç¥ç€.jpg"], ["created_at", "2017-09-25 12:15:55.507350"], ["updated_at", "2017-09-25 12:15:55.507350"]]
  [1m[35m (26.7ms)[0m  [1m[36mcommit transaction[0m
Redirected to http://localhost:3000/blogs/1
Completed 302 Found in 227ms (ActiveRecord: 26.7ms)


Started GET "/blogs/1" for 127.0.0.1 at 2017-09-25 21:15:55 +0900
Processing by BlogsController#show as HTML
  Parameters: {"id"=>"1"}
  [1m[36mBlog Load (0.0ms)[0m  [1m[34mSELECT  "blogs".* FROM "blogs" WHERE "blogs"."id" = ? LIMIT ?[0m  [["id", 1], ["LIMIT", 1]]
  Rendering blogs/show.html.erb within layouts/application
  Rendered blogs/show.html.erb within layouts/application (1346.4ms)
Completed 500 Internal Server Error in 1873ms (ActiveRecord: 0.0ms)


  
ActionView::Template::Error (undefined local variable or method `blog' for #<#<Class:0x380f3b8>:0xa4a18f0>
Did you mean?  @blog):
    17: 
    18: <p>
    19:   <strong>Picture:</strong>
    20:   <%= image_tag(@blog.picture_url) if blog.picture.present? %>
    21: </p>
    22: 
    23: <%= link_to 'Edit', edit_blog_path(@blog) %> |
  
app/views/blogs/show.html.erb:20:in `_app_views_blogs_show_html_erb__1038922136_86314884'
Started GET "/" for 127.0.0.1 at 2017-09-25 21:16:59 +0900
Processing by BlogsController#index as HTML
  Rendering blogs/index.html.erb within layouts/application
  [1m[36mBlog Load (0.0ms)[0m  [1m[34mSELECT "blogs".* FROM "blogs"[0m
  Rendered blogs/index.html.erb within layouts/application (13.3ms)
  Rendered layouts/_shim.html.erb (0.0ms)
  Rendered layouts/_header.html.erb (0.0ms)
  Rendered layouts/_footer.html.erb (0.0ms)
Completed 200 OK in 1179ms (Views: 1042.9ms | ActiveRecord: 0.0ms)


Started GET "/blogs/1" for 127.0.0.1 at 2017-09-25 21:17:12 +0900
Processing by BlogsController#show as HTML
  Parameters: {"id"=>"1"}
  [1m[36mBlog Load (0.0ms)[0m  [1m[34mSELECT  "blogs".* FROM "blogs" WHERE "blogs"."id" = ? LIMIT ?[0m  [["id", 1], ["LIMIT", 1]]
  Rendering blogs/show.html.erb within layouts/application
  Rendered blogs/show.html.erb within layouts/application (1239.9ms)
Completed 500 Internal Server Error in 1627ms (ActiveRecord: 0.0ms)


  
ActionView::Template::Error (undefined local variable or method `blogs' for #<#<Class:0x380f3b8>:0x8c5dd78>
Did you mean?  blogs_url
               blogs_path
               @blog):
    17: 
    18: <p>
    19:   <strong>Picture:</strong>
    20:   <%= image_tag(@blog.picture_url) if blogs.picture.present? %>
    21: </p>
    22: 
    23: <%= link_to 'Edit', edit_blog_path(@blog) %> |
  
app/views/blogs/show.html.erb:20:in `_app_views_blogs_show_html_erb__1038922136_73687404'
Started GET "/blogs/1" for 127.0.0.1 at 2017-09-25 21:18:26 +0900
Processing by BlogsController#show as HTML
  Parameters: {"id"=>"1"}
  [1m[36mBlog Load (0.0ms)[0m  [1m[34mSELECT  "blogs".* FROM "blogs" WHERE "blogs"."id" = ? LIMIT ?[0m  [["id", 1], ["LIMIT", 1]]
  Rendering blogs/show.html.erb within layouts/application
  Rendered blogs/show.html.erb within layouts/application (13.3ms)
  Rendered layouts/_shim.html.erb (0.0ms)
  Rendered layouts/_header.html.erb (0.0ms)
  Rendered layouts/_footer.html.erb (0.0ms)
Completed 200 OK in 1116ms (Views: 1005.9ms | ActiveRecord: 0.0ms)


Started GET "/blogs" for 127.0.0.1 at 2017-09-25 21:18:32 +0900
Processing by BlogsController#index as HTML
  Rendering blogs/index.html.erb within layouts/application
  [1m[36mBlog Load (0.0ms)[0m  [1m[34mSELECT "blogs".* FROM "blogs"[0m
  Rendered blogs/index.html.erb within layouts/application (13.5ms)
  Rendered layouts/_shim.html.erb (0.0ms)
  Rendered layouts/_header.html.erb (0.0ms)
  Rendered layouts/_footer.html.erb (0.0ms)
Completed 200 OK in 1205ms (Views: 1108.1ms | ActiveRecord: 0.0ms)


Started DELETE "/blogs/1" for 127.0.0.1 at 2017-09-25 21:18:36 +0900
Processing by BlogsController#destroy as HTML
  Parameters: {"authenticity_token"=>"OJkzJ0KlzwapmJMMcMKjSNGpclZ5wyOsKXWqs1BwQYO1wnpe5If7xJxtiHxsIgPfRJosoUvBPLcABsRwq0ogMg==", "id"=>"1"}
  [1m[36mBlog Load (1.0ms)[0m  [1m[34mSELECT  "blogs".* FROM "blogs" WHERE "blogs"."id" = ? LIMIT ?[0m  [["id", 1], ["LIMIT", 1]]
  [1m[35m (0.0ms)[0m  [1m[36mbegin transaction[0m
  [1m[35mSQL (5.7ms)[0m  [1m[31mDELETE FROM "blogs" WHERE "blogs"."id" = ?[0m  [["id", 1]]
  [1m[35m (20.3ms)[0m  [1m[36mcommit transaction[0m
Redirected to http://localhost:3000/blogs
Completed 302 Found in 56ms (ActiveRecord: 27.0ms)


Started GET "/blogs" for 127.0.0.1 at 2017-09-25 21:18:36 +0900
Processing by BlogsController#index as HTML
  Rendering blogs/index.html.erb within layouts/application
  [1m[36mBlog Load (0.0ms)[0m  [1m[34mSELECT "blogs".* FROM "blogs"[0m
  Rendered blogs/index.html.erb within layouts/application (13.3ms)
  Rendered layouts/_shim.html.erb (0.0ms)
  Rendered layouts/_header.html.erb (0.0ms)
  Rendered layouts/_footer.html.erb (0.0ms)
Completed 200 OK in 1227ms (Views: 1112.8ms | ActiveRecord: 0.0ms)


Started GET "/" for 127.0.0.1 at 2017-09-25 21:18:45 +0900
Processing by BlogsController#index as HTML
  Rendering blogs/index.html.erb within layouts/application
  [1m[36mBlog Load (0.0ms)[0m  [1m[34mSELECT "blogs".* FROM "blogs"[0m
  Rendered blogs/index.html.erb within layouts/application (13.0ms)
  Rendered layouts/_shim.html.erb (0.0ms)
  Rendered layouts/_header.html.erb (0.0ms)
  Rendered layouts/_footer.html.erb (0.0ms)
Completed 200 OK in 1220ms (Views: 1124.2ms | ActiveRecord: 0.0ms)


Started GET "/blogs/new" for 127.0.0.1 at 2017-09-25 21:19:47 +0900
Processing by BlogsController#new as HTML
  Rendering blogs/new.html.erb within layouts/application
  Rendered blogs/_form.html.erb (66.7ms)
  Rendered blogs/new.html.erb within layouts/application (240.0ms)
  Rendered layouts/_shim.html.erb (0.0ms)
  Rendered layouts/_header.html.erb (0.0ms)
  Rendered layouts/_footer.html.erb (0.0ms)
Completed 200 OK in 2050ms (Views: 1904.3ms | ActiveRecord: 0.0ms)


Started POST "/blogs" for 127.0.0.1 at 2017-09-25 21:20:29 +0900
Processing by BlogsController#create as HTML
  Parameters: {"utf8"=>"âœ“", "authenticity_token"=>"iEv42enffVa0coels86nrt6BBlVF6cwsxtIAW2YPRb4DNRwLk/pQt2IScpinaAk4xu4zUngJ+4L9o7Ho6NUlkg==", "blog"=>{"title"=>"ãƒ†ã‚¹ãƒˆæŠ•ç¨¿", "memo"=>"æ›¸ã„ã¦é ‚ã„ãŸã‚¦ãƒã®ç¥ç€", "author"=>"S.H.", "picture"=>#<ActionDispatch::Http::UploadedFile:0x9bcce20 @tempfile=#<Tempfile:C:/Users/shunh/AppData/Local/Temp/RackMultipart20170925-4600-f8ore.jpg>, @original_filename="ç¥ç€.jpg", @content_type="image/jpeg", @headers="Content-Disposition: form-data; name=\"blog[picture]\"; filename=\"C:\\Users\\shunh\\Desktop\\\xE7\x90\xA5\xE7\x8F\x80.jpg\"\r\nContent-Type: image/jpeg\r\n">}, "commit"=>"Create Blog"}
  [1m[35m (0.0ms)[0m  [1m[36mbegin transaction[0m
  [1m[35mSQL (0.0ms)[0m  [1m[32mINSERT INTO "blogs" ("title", "memo", "author", "picture", "created_at", "updated_at") VALUES (?, ?, ?, ?, ?, ?)[0m  [["title", "ãƒ†ã‚¹ãƒˆæŠ•ç¨¿"], ["memo", "æ›¸ã„ã¦é ‚ã„ãŸã‚¦ãƒã®ç¥ç€"], ["author", "S.H."], ["picture", "ç¥ç€.jpg"], ["created_at", "2017-09-25 12:20:30.038529"], ["updated_at", "2017-09-25 12:20:30.038529"]]
  [1m[35m (53.3ms)[0m  [1m[36mcommit transaction[0m
Redirected to http://localhost:3000/blogs/2
Completed 302 Found in 307ms (ActiveRecord: 53.3ms)


Started GET "/blogs/2" for 127.0.0.1 at 2017-09-25 21:20:30 +0900
Processing by BlogsController#show as HTML
  Parameters: {"id"=>"2"}
  [1m[36mBlog Load (0.0ms)[0m  [1m[34mSELECT  "blogs".* FROM "blogs" WHERE "blogs"."id" = ? LIMIT ?[0m  [["id", 2], ["LIMIT", 1]]
  Rendering blogs/show.html.erb within layouts/application
  Rendered blogs/show.html.erb within layouts/application (13.3ms)
  Rendered layouts/_shim.html.erb (0.0ms)
  Rendered layouts/_header.html.erb (13.3ms)
  Rendered layouts/_footer.html.erb (0.0ms)
Completed 200 OK in 2074ms (Views: 1905.0ms | ActiveRecord: 0.0ms)


Started GET "/" for 127.0.0.1 at 2017-09-25 21:20:41 +0900
Processing by BlogsController#index as HTML
  Rendering blogs/index.html.erb within layouts/application
  [1m[36mBlog Load (0.0ms)[0m  [1m[34mSELECT "blogs".* FROM "blogs"[0m
  Rendered blogs/index.html.erb within layouts/application (66.7ms)
  Rendered layouts/_shim.html.erb (13.3ms)
  Rendered layouts/_header.html.erb (13.3ms)
  Rendered layouts/_footer.html.erb (0.0ms)
Completed 200 OK in 3155ms (Views: 3003.1ms | ActiveRecord: 0.0ms)


Started GET "/blogs/2" for 127.0.0.1 at 2017-09-25 21:20:48 +0900
Processing by BlogsController#show as HTML
  Parameters: {"id"=>"2"}
  [1m[36mBlog Load (0.0ms)[0m  [1m[34mSELECT  "blogs".* FROM "blogs" WHERE "blogs"."id" = ? LIMIT ?[0m  [["id", 2], ["LIMIT", 1]]
  Rendering blogs/show.html.erb within layouts/application
  Rendered blogs/show.html.erb within layouts/application (13.3ms)
  Rendered layouts/_shim.html.erb (13.3ms)
  Rendered layouts/_header.html.erb (0.0ms)
  Rendered layouts/_footer.html.erb (0.0ms)
Completed 200 OK in 3055ms (Views: 2843.8ms | ActiveRecord: 0.0ms)


Started GET "/blogs" for 127.0.0.1 at 2017-09-25 21:29:34 +0900
Processing by BlogsController#index as HTML
  Rendering blogs/index.html.erb within layouts/application
  [1m[36mBlog Load (0.0ms)[0m  [1m[34mSELECT "blogs".* FROM "blogs"[0m
  Rendered blogs/index.html.erb within layouts/application (13.3ms)
  Rendered layouts/_shim.html.erb (0.0ms)
  Rendered layouts/_header.html.erb (0.0ms)
  Rendered layouts/_footer.html.erb (0.0ms)
Completed 200 OK in 1553ms (Views: 1440.9ms | ActiveRecord: 0.0ms)


Started DELETE "/blogs/2" for 127.0.0.1 at 2017-09-25 21:29:52 +0900
Processing by BlogsController#destroy as HTML
  Parameters: {"authenticity_token"=>"7xp2m+iOrFB/uQxiK0m07ShrnhQhAvBASOiIcCVIj99iQT/iTqyYkkpMFxI3qRR6vVjA4xMA71thm+az3nLubg==", "id"=>"2"}
  [1m[36mBlog Load (0.0ms)[0m  [1m[34mSELECT  "blogs".* FROM "blogs" WHERE "blogs"."id" = ? LIMIT ?[0m  [["id", 2], ["LIMIT", 1]]
  [1m[35m (0.0ms)[0m  [1m[36mbegin transaction[0m
  [1m[35mSQL (0.0ms)[0m  [1m[31mDELETE FROM "blogs" WHERE "blogs"."id" = ?[0m  [["id", 2]]
  [1m[35m (26.7ms)[0m  [1m[36mcommit transaction[0m
Redirected to http://localhost:3000/blogs
Completed 302 Found in 53ms (ActiveRecord: 26.7ms)


Started GET "/blogs" for 127.0.0.1 at 2017-09-25 21:29:53 +0900
Processing by BlogsController#index as HTML
  Rendering blogs/index.html.erb within layouts/application
  [1m[36mBlog Load (0.0ms)[0m  [1m[34mSELECT "blogs".* FROM "blogs"[0m
  Rendered blogs/index.html.erb within layouts/application (13.3ms)
  Rendered layouts/_shim.html.erb (0.0ms)
  Rendered layouts/_header.html.erb (0.0ms)
  Rendered layouts/_footer.html.erb (0.0ms)
Completed 200 OK in 1330ms (Views: 1224.5ms | ActiveRecord: 0.0ms)


Started GET "/" for 127.0.0.1 at 2017-09-25 21:31:28 +0900
Processing by BlogsController#index as HTML
  Rendering blogs/index.html.erb within layouts/application
  [1m[36mBlog Load (0.0ms)[0m  [1m[34mSELECT "blogs".* FROM "blogs"[0m
  Rendered blogs/index.html.erb within layouts/application (13.3ms)
  Rendered layouts/_shim.html.erb (0.0ms)
  Rendered layouts/_header.html.erb (0.0ms)
  Rendered layouts/_footer.html.erb (0.0ms)
Completed 200 OK in 1245ms (Views: 1126.8ms | ActiveRecord: 0.0ms)


Started GET "/blogs/new" for 127.0.0.1 at 2017-09-25 21:31:43 +0900
Processing by BlogsController#new as HTML
  Rendering blogs/new.html.erb within layouts/application
  Rendered blogs/_form.html.erb (35.1ms)
  Rendered blogs/new.html.erb within layouts/application (329.4ms)
  Rendered layouts/_shim.html.erb (0.0ms)
  Rendered layouts/_header.html.erb (13.3ms)
  Rendered layouts/_footer.html.erb (0.0ms)
Completed 200 OK in 2179ms (Views: 2039.5ms | ActiveRecord: 0.0ms)


Started POST "/blogs" for 127.0.0.1 at 2017-09-25 21:32:19 +0900
Processing by BlogsController#create as HTML
  Parameters: {"utf8"=>"âœ“", "authenticity_token"=>"heAG5UNvoxh07li9+DiNnrqWUkP+if3kkei+JorCzXgOnuI3OUqO+aKOrYDsniMIovlnRMNpykqqmQ+VBBitVA==", "blog"=>{"title"=>"ãƒ†ã‚¹ãƒˆæŠ•ç¨¿", "memo"=>"æ›¸ã„ã¦é ‚ã„ãŸã‚¦ãƒã®ç¥ç€", "author"=>"S.H.", "picture"=>#<ActionDispatch::Http::UploadedFile:0x8626050 @tempfile=#<Tempfile:C:/Users/shunh/AppData/Local/Temp/RackMultipart20170925-4600-1gtwi9s.jpg>, @original_filename="ç¥ç€.jpg", @content_type="image/jpeg", @headers="Content-Disposition: form-data; name=\"blog[picture]\"; filename=\"C:\\Users\\shunh\\Desktop\\\xE9\xA0\x82\xE3\x81\x8D\xE7\x89\xA9\\\xE7\x90\xA5\xE7\x8F\x80.jpg\"\r\nContent-Type: image/jpeg\r\n">}, "commit"=>"Create Blog"}
  [1m[35m (0.0ms)[0m  [1m[36mbegin transaction[0m
  [1m[35mSQL (0.0ms)[0m  [1m[32mINSERT INTO "blogs" ("title", "memo", "author", "picture", "created_at", "updated_at") VALUES (?, ?, ?, ?, ?, ?)[0m  [["title", "ãƒ†ã‚¹ãƒˆæŠ•ç¨¿"], ["memo", "æ›¸ã„ã¦é ‚ã„ãŸã‚¦ãƒã®ç¥ç€"], ["author", "S.H."], ["picture", "ç¥ç€.jpg"], ["created_at", "2017-09-25 12:32:20.010886"], ["updated_at", "2017-09-25 12:32:20.010886"]]
  [1m[35m (40.0ms)[0m  [1m[36mcommit transaction[0m
Redirected to http://localhost:3000/blogs/3
Completed 302 Found in 560ms (ActiveRecord: 40.0ms)


Started GET "/blogs/3" for 127.0.0.1 at 2017-09-25 21:32:20 +0900
Processing by BlogsController#show as HTML
  Parameters: {"id"=>"3"}
  [1m[36mBlog Load (0.0ms)[0m  [1m[34mSELECT  "blogs".* FROM "blogs" WHERE "blogs"."id" = ? LIMIT ?[0m  [["id", 3], ["LIMIT", 1]]
  Rendering blogs/show.html.erb within layouts/application
  Rendered blogs/show.html.erb within layouts/application (13.3ms)
  Rendered layouts/_shim.html.erb (0.0ms)
  Rendered layouts/_header.html.erb (0.0ms)
  Rendered layouts/_footer.html.erb (0.0ms)
Completed 200 OK in 3033ms (Views: 2813.8ms | ActiveRecord: 0.0ms)


Started GET "/" for 127.0.0.1 at 2017-09-25 21:32:28 +0900
Processing by BlogsController#index as HTML
  Rendering blogs/index.html.erb within layouts/application
  [1m[36mBlog Load (0.0ms)[0m  [1m[34mSELECT "blogs".* FROM "blogs"[0m
  Rendered blogs/index.html.erb within layouts/application (13.3ms)
  Rendered layouts/_shim.html.erb (26.7ms)
  Rendered layouts/_header.html.erb (0.0ms)
  Rendered layouts/_footer.html.erb (3.0ms)
Completed 200 OK in 3283ms (Views: 3121.4ms | ActiveRecord: 0.0ms)


Started GET "/blogs/3" for 127.0.0.1 at 2017-09-25 21:32:35 +0900
Processing by BlogsController#show as HTML
  Parameters: {"id"=>"3"}
  [1m[36mBlog Load (0.0ms)[0m  [1m[34mSELECT  "blogs".* FROM "blogs" WHERE "blogs"."id" = ? LIMIT ?[0m  [["id", 3], ["LIMIT", 1]]
  Rendering blogs/show.html.erb within layouts/application
  Rendered blogs/show.html.erb within layouts/application (13.3ms)
  Rendered layouts/_shim.html.erb (0.0ms)
  Rendered layouts/_header.html.erb (13.3ms)
  Rendered layouts/_footer.html.erb (0.0ms)
Completed 200 OK in 2903ms (Views: 2731.9ms | ActiveRecord: 0.0ms)


Started GET "/" for 127.0.0.1 at 2017-09-25 21:39:56 +0900
Processing by BlogsController#index as HTML
  Rendering blogs/index.html.erb within layouts/application
  [1m[36mBlog Load (0.0ms)[0m  [1m[34mSELECT "blogs".* FROM "blogs"[0m
  Rendered blogs/index.html.erb within layouts/application (13.3ms)
  Rendered layouts/_shim.html.erb (0.0ms)
  Rendered layouts/_header.html.erb (0.0ms)
  Rendered layouts/_footer.html.erb (0.0ms)
Completed 200 OK in 1228ms (Views: 1125.5ms | ActiveRecord: 0.0ms)


Started GET "/blogs/new" for 127.0.0.1 at 2017-09-25 21:40:01 +0900
Processing by BlogsController#new as HTML
  Rendering blogs/new.html.erb within layouts/application
  Rendered blogs/_form.html.erb (13.3ms)
  Rendered blogs/new.html.erb within layouts/application (139.8ms)
  Rendered layouts/_shim.html.erb (0.0ms)
  Rendered layouts/_header.html.erb (0.0ms)
  Rendered layouts/_footer.html.erb (0.0ms)
Completed 200 OK in 1327ms (Views: 1224.7ms | ActiveRecord: 0.0ms)


